<?xml version="1.0" encoding="UTF-8"?>
<testsuite xmlns:xsi="http://www.w3.org/2001/XMLSchema-instance" xsi:noNamespaceSchemaLocation="https://maven.apache.org/surefire/maven-surefire-plugin/xsd/surefire-test-report-3.0.xsd" version="3.0" name="org.factoriaf5.AccountTest" time="0.082" tests="7" errors="7" skipped="0" failures="0">
  <properties>
[...]
</properties>
  <testcase name="testCalculationFee" classname="org.factoriaf5.AccountTest" time="0.025">
    <error message="Cannot invoke &quot;org.factoriaf5.Account.calculationFee()&quot; because &quot;this.account&quot; is null" type="java.lang.NullPointerException"><![CDATA[java.lang.NullPointerException: Cannot invoke "org.factoriaf5.Account.calculationFee()" because "this.account" is null
	at org.factoriaf5.AccountTest.testCalculationFee(AccountTest.java:45)
	at java.base/java.lang.reflect.Method.invoke(Method.java:580)
	at java.base/java.util.ArrayList.forEach(ArrayList.java:1596)
	at java.base/java.util.ArrayList.forEach(ArrayList.java:1596)
]]></error>
  </testcase>
  <testcase name="testWithdrawInsufficientFunds" classname="org.factoriaf5.AccountTest" time="0.003">
    <error message="Cannot invoke &quot;org.factoriaf5.Account.withdraw(float)&quot; because &quot;this.account&quot; is null" type="java.lang.NullPointerException"><![CDATA[java.lang.NullPointerException: Cannot invoke "org.factoriaf5.Account.withdraw(float)" because "this.account" is null
	at org.factoriaf5.AccountTest.testWithdrawInsufficientFunds(AccountTest.java:37)
	at java.base/java.lang.reflect.Method.invoke(Method.java:580)
	at java.base/java.util.ArrayList.forEach(ArrayList.java:1596)
	at java.base/java.util.ArrayList.forEach(ArrayList.java:1596)
]]></error>
  </testcase>
  <testcase name="testWithdraw" classname="org.factoriaf5.AccountTest" time="0.002">
    <error message="Cannot invoke &quot;org.factoriaf5.Account.withdraw(float)&quot; because &quot;this.account&quot; is null" type="java.lang.NullPointerException"><![CDATA[java.lang.NullPointerException: Cannot invoke "org.factoriaf5.Account.withdraw(float)" because "this.account" is null
	at org.factoriaf5.AccountTest.testWithdraw(AccountTest.java:29)
	at java.base/java.lang.reflect.Method.invoke(Method.java:580)
	at java.base/java.util.ArrayList.forEach(ArrayList.java:1596)
	at java.base/java.util.ArrayList.forEach(ArrayList.java:1596)
]]></error>
  </testcase>
  <testcase name="testAccountInfo" classname="org.factoriaf5.AccountTest" time="0.003">
    <error message="Cannot invoke &quot;org.factoriaf5.Account.AccountInfo()&quot; because &quot;this.account&quot; is null" type="java.lang.NullPointerException"><![CDATA[java.lang.NullPointerException: Cannot invoke "org.factoriaf5.Account.AccountInfo()" because "this.account" is null
	at org.factoriaf5.AccountTest.testAccountInfo(AccountTest.java:59)
	at java.base/java.lang.reflect.Method.invoke(Method.java:580)
	at java.base/java.util.ArrayList.forEach(ArrayList.java:1596)
	at java.base/java.util.ArrayList.forEach(ArrayList.java:1596)
]]></error>
  </testcase>
  <testcase name="testDepositNegativeAmount" classname="org.factoriaf5.AccountTest" time="0.002">
    <error message="Cannot invoke &quot;org.factoriaf5.Account.deposit(float)&quot; because &quot;this.account&quot; is null" type="java.lang.NullPointerException"><![CDATA[java.lang.NullPointerException: Cannot invoke "org.factoriaf5.Account.deposit(float)" because "this.account" is null
	at org.factoriaf5.AccountTest.testDepositNegativeAmount(AccountTest.java:22)
	at java.base/java.lang.reflect.Method.invoke(Method.java:580)
	at java.base/java.util.ArrayList.forEach(ArrayList.java:1596)
	at java.base/java.util.ArrayList.forEach(ArrayList.java:1596)
]]></error>
  </testcase>
  <testcase name="testDeposit" classname="org.factoriaf5.AccountTest" time="0.001">
    <error message="Cannot invoke &quot;org.factoriaf5.Account.deposit(float)&quot; because &quot;this.account&quot; is null" type="java.lang.NullPointerException"><![CDATA[java.lang.NullPointerException: Cannot invoke "org.factoriaf5.Account.deposit(float)" because "this.account" is null
	at org.factoriaf5.AccountTest.testDeposit(AccountTest.java:15)
	at java.base/java.lang.reflect.Method.invoke(Method.java:580)
	at java.base/java.util.ArrayList.forEach(ArrayList.java:1596)
	at java.base/java.util.ArrayList.forEach(ArrayList.java:1596)
]]></error>
  </testcase>
  <testcase name="testMonthlyStatement" classname="org.factoriaf5.AccountTest" time="0.002">
    <error message="Cannot assign field &quot;fee&quot; because &quot;this.account&quot; is null" type="java.lang.NullPointerException"><![CDATA[java.lang.NullPointerException: Cannot assign field "fee" because "this.account" is null
	at org.factoriaf5.AccountTest.testMonthlyStatement(AccountTest.java:52)
	at java.base/java.lang.reflect.Method.invoke(Method.java:580)
	at java.base/java.util.ArrayList.forEach(ArrayList.java:1596)
	at java.base/java.util.ArrayList.forEach(ArrayList.java:1596)
]]></error>
  </testcase>
</testsuite>